106590052_CW5-1/106590052_CW5-1/app/build/intermediates/manifest_merge_blame_file/debug/manifest-merger-blame-debug-report.txt
1<?xml version="1.0" encoding="utf-8"?>
2<!--
3  ~ Copyright (C) 2018 Google Inc.
4  ~
5  ~ Licensed under the Apache License, Version 2.0 (the "License");
6  ~ you may not use this file except in compliance with the License.
7  ~ You may obtain a copy of the License at
8  ~
9  ~     http://www.apache.org/licenses/LICENSE-2.0
10  ~
11  ~ Unless required by applicable law or agreed to in writing, software
12  ~ distributed under the License is distributed on an "AS IS" BASIS,
13  ~ WITHOUT WARRANTIES OR CONDITIONS OF ANY KIND, either express or implied.
14  ~ See the License for the specific language governing permissions and
15  ~ limitations under the License.
16-->
17<manifest xmlns:android="http://schemas.android.com/apk/res/android"
18    package="com.example.android.twoactivities"
19    android:versionCode="1"
20    android:versionName="1.0" >
21
22    <uses-sdk
23        android:minSdkVersion="15"
23-->src\main\AndroidManifest.xml
24        android:targetSdkVersion="26" />
24-->src\main\AndroidManifest.xml
25
26    <application
26-->src\main\AndroidManifest.xml:21:5-43:19
27        android:allowBackup="true"
27-->src\main\AndroidManifest.xml:22:9-35
28        android:debuggable="true"
29        android:icon="@mipmap/ic_launcher"
29-->src\main\AndroidManifest.xml:23:9-43
30        android:label="@string/app_name"
30-->src\main\AndroidManifest.xml:24:9-41
31        android:roundIcon="@mipmap/ic_launcher_round"
31-->src\main\AndroidManifest.xml:25:9-54
32        android:supportsRtl="true"
32-->src\main\AndroidManifest.xml:26:9-35
33        android:theme="@style/AppTheme" >
33-->src\main\AndroidManifest.xml:27:9-40
34        <activity android:name="com.example.android.twoactivities.MainActivity" >
34-->src\main\AndroidManifest.xml:28:9-35:20
34-->src\main\AndroidManifest.xml:28:19-47
35            <intent-filter>
35-->src\main\AndroidManifest.xml:30:13-34:29
36                <action android:name="android.intent.action.MAIN" />
36-->src\main\AndroidManifest.xml:31:17-69
36-->src\main\AndroidManifest.xml:31:25-66
37
38                <category android:name="android.intent.category.LAUNCHER" />
38-->src\main\AndroidManifest.xml:33:17-77
38-->src\main\AndroidManifest.xml:33:27-74
39            </intent-filter>
40        </activity>
41        <activity
41-->src\main\AndroidManifest.xml:36:9-42:20
42            android:name="com.example.android.twoactivities.SecondActivity"
42-->src\main\AndroidManifest.xml:36:19-49
43            android:label="Second Activity"
43-->src\main\AndroidManifest.xml:37:13-46
44            android:parentActivityName="com.example.android.twoactivities.MainActivity" >
44-->src\main\AndroidManifest.xml:38:13-55
45            <meta-data
45-->src\main\AndroidManifest.xml:39:13-41:49
46                android:name="android.support.PARENT_ACTIVITY"
46-->src\main\AndroidManifest.xml:40:17-63
47                android:value=".MainActivity" />
47-->src\main\AndroidManifest.xml:41:17-46
48        </activity>
49
50        <meta-data
50-->[com.android.support:appcompat-v7:26.1.0] AndroidManifest.xml:26:9-28:38
51            android:name="android.support.VERSION"
51-->[com.android.support:appcompat-v7:26.1.0] AndroidManifest.xml:27:13-51
52            android:value="26.1.0" />
52-->[com.android.support:appcompat-v7:26.1.0] AndroidManifest.xml:28:13-35
53        <meta-data
53-->[android.arch.lifecycle:runtime:1.0.0] AndroidManifest.xml:25:9-27:47
54            android:name="android.arch.lifecycle.VERSION"
54-->[android.arch.lifecycle:runtime:1.0.0] AndroidManifest.xml:26:13-58
55            android:value="27.0.0-SNAPSHOT" />
55-->[android.arch.lifecycle:runtime:1.0.0] AndroidManifest.xml:27:13-44
56    </application>
57
58</manifest>